{"/Users/alex/Documents/hrsf110/Front End Capstone Project/photo-gallery/src/components/App.jsx": {"path":"/Users/alex/Documents/hrsf110/Front End Capstone Project/photo-gallery/src/components/App.jsx","statementMap":{"0":{"start":{"line":9,"column":23},"end":{"line":9,"column":74}},"1":{"start":{"line":13,"column":4},"end":{"line":49,"column":5}},"2":{"start":{"line":15,"column":8},"end":{"line":19,"column":9}},"3":{"start":{"line":16,"column":10},"end":{"line":16,"column":22}},"4":{"start":{"line":18,"column":10},"end":{"line":18,"column":40}},"5":{"start":{"line":20,"column":8},"end":{"line":25,"column":10}},"6":{"start":{"line":27,"column":8},"end":{"line":31,"column":9}},"7":{"start":{"line":28,"column":10},"end":{"line":28,"column":38}},"8":{"start":{"line":30,"column":10},"end":{"line":30,"column":40}},"9":{"start":{"line":32,"column":8},"end":{"line":37,"column":10}},"10":{"start":{"line":39,"column":8},"end":{"line":48,"column":9}},"11":{"start":{"line":40,"column":10},"end":{"line":40,"column":23}},"12":{"start":{"line":42,"column":10},"end":{"line":47,"column":11}},"13":{"start":{"line":52,"column":36},"end":{"line":52,"column":50}},"14":{"start":{"line":53,"column":33},"end":{"line":53,"column":45}},"15":{"start":{"line":54,"column":39},"end":{"line":54,"column":72}},"16":{"start":{"line":55,"column":35},"end":{"line":55,"column":50}},"17":{"start":{"line":57,"column":2},"end":{"line":60,"column":8}},"18":{"start":{"line":58,"column":16},"end":{"line":58,"column":49}},"19":{"start":{"line":59,"column":4},"end":{"line":59,"column":20}},"20":{"start":{"line":62,"column":2},"end":{"line":74,"column":20}},"21":{"start":{"line":63,"column":4},"end":{"line":73,"column":8}},"22":{"start":{"line":65,"column":8},"end":{"line":65,"column":34}},"23":{"start":{"line":66,"column":8},"end":{"line":66,"column":31}},"24":{"start":{"line":69,"column":8},"end":{"line":69,"column":34}},"25":{"start":{"line":72,"column":8},"end":{"line":72,"column":49}},"26":{"start":{"line":76,"column":2},"end":{"line":79,"column":14}},"27":{"start":{"line":77,"column":4},"end":{"line":77,"column":39}},"28":{"start":{"line":78,"column":4},"end":{"line":78,"column":25}},"29":{"start":{"line":82,"column":2},"end":{"line":105,"column":17}},"30":{"start":{"line":83,"column":22},"end":{"line":83,"column":60}},"31":{"start":{"line":84,"column":19},"end":{"line":84,"column":54}},"32":{"start":{"line":85,"column":19},"end":{"line":91,"column":5}},"33":{"start":{"line":86,"column":6},"end":{"line":90,"column":7}},"34":{"start":{"line":87,"column":8},"end":{"line":87,"column":57}},"35":{"start":{"line":88,"column":8},"end":{"line":88,"column":54}},"36":{"start":{"line":89,"column":8},"end":{"line":89,"column":20}},"37":{"start":{"line":92,"column":4},"end":{"line":92,"column":60}},"38":{"start":{"line":93,"column":16},"end":{"line":100,"column":12}},"39":{"start":{"line":94,"column":6},"end":{"line":99,"column":7}},"40":{"start":{"line":95,"column":8},"end":{"line":95,"column":29}},"41":{"start":{"line":97,"column":8},"end":{"line":97,"column":70}},"42":{"start":{"line":98,"column":8},"end":{"line":98,"column":67}},"43":{"start":{"line":101,"column":4},"end":{"line":104,"column":5}},"44":{"start":{"line":102,"column":6},"end":{"line":102,"column":53}},"45":{"start":{"line":103,"column":6},"end":{"line":103,"column":27}},"46":{"start":{"line":107,"column":2},"end":{"line":109,"column":24}},"47":{"start":{"line":108,"column":4},"end":{"line":108,"column":17}},"48":{"start":{"line":112,"column":21},"end":{"line":112,"column":23}},"49":{"start":{"line":113,"column":17},"end":{"line":113,"column":30}},"50":{"start":{"line":114,"column":4},"end":{"line":116,"column":61}},"51":{"start":{"line":117,"column":4},"end":{"line":117,"column":22}},"52":{"start":{"line":121,"column":4},"end":{"line":125,"column":5}},"53":{"start":{"line":122,"column":6},"end":{"line":122,"column":18}},"54":{"start":{"line":124,"column":6},"end":{"line":124,"column":18}},"55":{"start":{"line":129,"column":22},"end":{"line":129,"column":60}},"56":{"start":{"line":130,"column":19},"end":{"line":130,"column":54}},"57":{"start":{"line":131,"column":4},"end":{"line":131,"column":40}},"58":{"start":{"line":132,"column":4},"end":{"line":132,"column":37}},"59":{"start":{"line":136,"column":4},"end":{"line":136,"column":28}},"60":{"start":{"line":137,"column":4},"end":{"line":137,"column":67}},"61":{"start":{"line":138,"column":4},"end":{"line":138,"column":64}},"62":{"start":{"line":142,"column":4},"end":{"line":142,"column":32}},"63":{"start":{"line":146,"column":4},"end":{"line":146,"column":22}},"64":{"start":{"line":150,"column":4},"end":{"line":150,"column":23}},"65":{"start":{"line":154,"column":2},"end":{"line":180,"column":3}},"66":{"start":{"line":158,"column":8},"end":{"line":160,"column":9}},"67":{"start":{"line":165,"column":8},"end":{"line":167,"column":9}},"68":{"start":{"line":172,"column":8},"end":{"line":174,"column":11}}},"fnMap":{"0":{"name":"App","decl":{"start":{"line":7,"column":9},"end":{"line":7,"column":12}},"loc":{"start":{"line":7,"column":15},"end":{"line":181,"column":1}},"line":7},"1":{"name":"reducer","decl":{"start":{"line":11,"column":11},"end":{"line":11,"column":18}},"loc":{"start":{"line":11,"column":35},"end":{"line":50,"column":3}},"line":11},"2":{"name":"(anonymous_2)","decl":{"start":{"line":57,"column":12},"end":{"line":57,"column":13}},"loc":{"start":{"line":57,"column":18},"end":{"line":60,"column":3}},"line":57},"3":{"name":"(anonymous_3)","decl":{"start":{"line":62,"column":12},"end":{"line":62,"column":13}},"loc":{"start":{"line":62,"column":18},"end":{"line":74,"column":3}},"line":62},"4":{"name":"(anonymous_4)","decl":{"start":{"line":64,"column":12},"end":{"line":64,"column":13}},"loc":{"start":{"line":64,"column":26},"end":{"line":67,"column":7}},"line":64},"5":{"name":"(anonymous_5)","decl":{"start":{"line":68,"column":12},"end":{"line":68,"column":13}},"loc":{"start":{"line":68,"column":22},"end":{"line":70,"column":7}},"line":68},"6":{"name":"(anonymous_6)","decl":{"start":{"line":71,"column":13},"end":{"line":71,"column":14}},"loc":{"start":{"line":71,"column":22},"end":{"line":73,"column":7}},"line":71},"7":{"name":"(anonymous_7)","decl":{"start":{"line":76,"column":12},"end":{"line":76,"column":13}},"loc":{"start":{"line":76,"column":18},"end":{"line":79,"column":3}},"line":76},"8":{"name":"(anonymous_8)","decl":{"start":{"line":82,"column":12},"end":{"line":82,"column":13}},"loc":{"start":{"line":82,"column":18},"end":{"line":105,"column":3}},"line":82},"9":{"name":"(anonymous_9)","decl":{"start":{"line":85,"column":19},"end":{"line":85,"column":20}},"loc":{"start":{"line":85,"column":30},"end":{"line":91,"column":5}},"line":85},"10":{"name":"(anonymous_10)","decl":{"start":{"line":93,"column":28},"end":{"line":93,"column":29}},"loc":{"start":{"line":93,"column":34},"end":{"line":100,"column":5}},"line":93},"11":{"name":"(anonymous_11)","decl":{"start":{"line":101,"column":11},"end":{"line":101,"column":12}},"loc":{"start":{"line":101,"column":17},"end":{"line":104,"column":5}},"line":101},"12":{"name":"(anonymous_12)","decl":{"start":{"line":107,"column":12},"end":{"line":107,"column":13}},"loc":{"start":{"line":107,"column":18},"end":{"line":109,"column":3}},"line":107},"13":{"name":"makePhotoArray","decl":{"start":{"line":111,"column":11},"end":{"line":111,"column":25}},"loc":{"start":{"line":111,"column":38},"end":{"line":118,"column":3}},"line":111},"14":{"name":"handleArrowClick","decl":{"start":{"line":120,"column":11},"end":{"line":120,"column":27}},"loc":{"start":{"line":120,"column":35},"end":{"line":126,"column":3}},"line":120},"15":{"name":"resetStyle","decl":{"start":{"line":128,"column":11},"end":{"line":128,"column":21}},"loc":{"start":{"line":128,"column":24},"end":{"line":133,"column":3}},"line":128},"16":{"name":"shiftNext","decl":{"start":{"line":135,"column":11},"end":{"line":135,"column":20}},"loc":{"start":{"line":135,"column":23},"end":{"line":139,"column":3}},"line":135},"17":{"name":"shiftBack","decl":{"start":{"line":141,"column":11},"end":{"line":141,"column":20}},"loc":{"start":{"line":141,"column":23},"end":{"line":143,"column":3}},"line":141},"18":{"name":"pauseTimer","decl":{"start":{"line":145,"column":11},"end":{"line":145,"column":21}},"loc":{"start":{"line":145,"column":24},"end":{"line":147,"column":3}},"line":145},"19":{"name":"restartTimer","decl":{"start":{"line":149,"column":11},"end":{"line":149,"column":23}},"loc":{"start":{"line":149,"column":26},"end":{"line":151,"column":3}},"line":149},"20":{"name":"(anonymous_20)","decl":{"start":{"line":157,"column":36},"end":{"line":157,"column":37}},"loc":{"start":{"line":157,"column":54},"end":{"line":161,"column":7}},"line":157},"21":{"name":"(anonymous_21)","decl":{"start":{"line":164,"column":37},"end":{"line":164,"column":38}},"loc":{"start":{"line":164,"column":55},"end":{"line":168,"column":7}},"line":164},"22":{"name":"(anonymous_22)","decl":{"start":{"line":171,"column":33},"end":{"line":171,"column":34}},"loc":{"start":{"line":171,"column":51},"end":{"line":175,"column":7}},"line":171}},"branchMap":{"0":{"loc":{"start":{"line":13,"column":4},"end":{"line":49,"column":5}},"type":"switch","locations":[{"start":{"line":14,"column":6},"end":{"line":25,"column":10}},{"start":{"line":26,"column":6},"end":{"line":37,"column":10}},{"start":{"line":38,"column":6},"end":{"line":48,"column":9}}],"line":13},"1":{"loc":{"start":{"line":15,"column":8},"end":{"line":19,"column":9}},"type":"if","locations":[{"start":{"line":15,"column":8},"end":{"line":19,"column":9}},{"start":{"line":15,"column":8},"end":{"line":19,"column":9}}],"line":15},"2":{"loc":{"start":{"line":27,"column":8},"end":{"line":31,"column":9}},"type":"if","locations":[{"start":{"line":27,"column":8},"end":{"line":31,"column":9}},{"start":{"line":27,"column":8},"end":{"line":31,"column":9}}],"line":27},"3":{"loc":{"start":{"line":39,"column":8},"end":{"line":48,"column":9}},"type":"if","locations":[{"start":{"line":39,"column":8},"end":{"line":48,"column":9}},{"start":{"line":39,"column":8},"end":{"line":48,"column":9}}],"line":39},"4":{"loc":{"start":{"line":39,"column":12},"end":{"line":39,"column":60}},"type":"binary-expr","locations":[{"start":{"line":39,"column":12},"end":{"line":39,"column":37}},{"start":{"line":39,"column":41},"end":{"line":39,"column":60}}],"line":39},"5":{"loc":{"start":{"line":86,"column":6},"end":{"line":90,"column":7}},"type":"if","locations":[{"start":{"line":86,"column":6},"end":{"line":90,"column":7}},{"start":{"line":86,"column":6},"end":{"line":90,"column":7}}],"line":86},"6":{"loc":{"start":{"line":86,"column":10},"end":{"line":86,"column":89}},"type":"binary-expr","locations":[{"start":{"line":86,"column":10},"end":{"line":86,"column":42}},{"start":{"line":86,"column":46},"end":{"line":86,"column":89}}],"line":86},"7":{"loc":{"start":{"line":94,"column":6},"end":{"line":99,"column":7}},"type":"if","locations":[{"start":{"line":94,"column":6},"end":{"line":99,"column":7}},{"start":{"line":94,"column":6},"end":{"line":99,"column":7}}],"line":94},"8":{"loc":{"start":{"line":121,"column":4},"end":{"line":125,"column":5}},"type":"if","locations":[{"start":{"line":121,"column":4},"end":{"line":125,"column":5}},{"start":{"line":121,"column":4},"end":{"line":125,"column":5}}],"line":121}},"s":{"0":1,"1":0,"2":0,"3":0,"4":0,"5":0,"6":0,"7":0,"8":0,"9":0,"10":0,"11":0,"12":0,"13":1,"14":1,"15":1,"16":1,"17":1,"18":1,"19":1,"20":1,"21":1,"22":0,"23":0,"24":0,"25":1,"26":1,"27":1,"28":1,"29":1,"30":1,"31":1,"32":1,"33":0,"34":0,"35":0,"36":0,"37":1,"38":0,"39":0,"40":0,"41":0,"42":0,"43":0,"44":0,"45":0,"46":1,"47":0,"48":0,"49":0,"50":0,"51":0,"52":0,"53":0,"54":0,"55":0,"56":0,"57":0,"58":0,"59":0,"60":0,"61":0,"62":0,"63":0,"64":0,"65":1,"66":0,"67":0,"68":0},"f":{"0":1,"1":0,"2":1,"3":1,"4":0,"5":0,"6":1,"7":1,"8":1,"9":0,"10":0,"11":0,"12":0,"13":0,"14":0,"15":0,"16":0,"17":0,"18":0,"19":0,"20":0,"21":0,"22":0},"b":{"0":[0,0,0],"1":[0,0],"2":[0,0],"3":[0,0],"4":[0,0],"5":[0,0],"6":[0,0],"7":[0,0],"8":[0,0]},"_coverageSchema":"43e27e138ebf9cfc5966b082cf9a028302ed4184","hash":"de4f31da27e35a2ef91269db31d932d7fdb3ba00"}
,"/Users/alex/Documents/hrsf110/Front End Capstone Project/photo-gallery/src/components/PhotoSet.jsx": {"path":"/Users/alex/Documents/hrsf110/Front End Capstone Project/photo-gallery/src/components/PhotoSet.jsx","statementMap":{"0":{"start":{"line":4,"column":43},"end":{"line":4,"column":54}},"1":{"start":{"line":6,"column":2},"end":{"line":13,"column":19}},"2":{"start":{"line":7,"column":15},"end":{"line":7,"column":82}},"3":{"start":{"line":8,"column":4},"end":{"line":12,"column":5}},"4":{"start":{"line":9,"column":16},"end":{"line":9,"column":65}},"5":{"start":{"line":10,"column":6},"end":{"line":10,"column":42}},"6":{"start":{"line":11,"column":6},"end":{"line":11,"column":43}},"7":{"start":{"line":16,"column":17},"end":{"line":16,"column":29}},"8":{"start":{"line":17,"column":4},"end":{"line":17,"column":36}},"9":{"start":{"line":18,"column":19},"end":{"line":18,"column":35}},"10":{"start":{"line":19,"column":4},"end":{"line":19,"column":68}},"11":{"start":{"line":20,"column":4},"end":{"line":22,"column":5}},"12":{"start":{"line":21,"column":6},"end":{"line":21,"column":42}},"13":{"start":{"line":26,"column":4},"end":{"line":26,"column":25}},"14":{"start":{"line":29,"column":27},"end":{"line":29,"column":58}},"15":{"start":{"line":30,"column":2},"end":{"line":32,"column":3}},"16":{"start":{"line":31,"column":4},"end":{"line":31,"column":62}},"17":{"start":{"line":34,"column":2},"end":{"line":44,"column":3}}},"fnMap":{"0":{"name":"PhotoSet","decl":{"start":{"line":3,"column":9},"end":{"line":3,"column":17}},"loc":{"start":{"line":3,"column":25},"end":{"line":45,"column":1}},"line":3},"1":{"name":"(anonymous_1)","decl":{"start":{"line":6,"column":12},"end":{"line":6,"column":13}},"loc":{"start":{"line":6,"column":18},"end":{"line":13,"column":3}},"line":6},"2":{"name":"expandElement","decl":{"start":{"line":15,"column":11},"end":{"line":15,"column":24}},"loc":{"start":{"line":15,"column":32},"end":{"line":23,"column":3}},"line":15},"3":{"name":"shrinkElement","decl":{"start":{"line":25,"column":11},"end":{"line":25,"column":24}},"loc":{"start":{"line":25,"column":27},"end":{"line":27,"column":3}},"line":25}},"branchMap":{"0":{"loc":{"start":{"line":8,"column":4},"end":{"line":12,"column":5}},"type":"if","locations":[{"start":{"line":8,"column":4},"end":{"line":12,"column":5}},{"start":{"line":8,"column":4},"end":{"line":12,"column":5}}],"line":8},"1":{"loc":{"start":{"line":20,"column":4},"end":{"line":22,"column":5}},"type":"if","locations":[{"start":{"line":20,"column":4},"end":{"line":22,"column":5}},{"start":{"line":20,"column":4},"end":{"line":22,"column":5}}],"line":20},"2":{"loc":{"start":{"line":30,"column":2},"end":{"line":32,"column":3}},"type":"if","locations":[{"start":{"line":30,"column":2},"end":{"line":32,"column":3}},{"start":{"line":30,"column":2},"end":{"line":32,"column":3}}],"line":30}},"s":{"0":0,"1":0,"2":0,"3":0,"4":0,"5":0,"6":0,"7":0,"8":0,"9":0,"10":0,"11":0,"12":0,"13":0,"14":0,"15":0,"16":0,"17":0},"f":{"0":0,"1":0,"2":0,"3":0},"b":{"0":[0,0],"1":[0,0],"2":[0,0]},"_coverageSchema":"43e27e138ebf9cfc5966b082cf9a028302ed4184","hash":"6a3baf6be509d5375085822dcb24d9ed574ec2c1"}
}
