TN:
SF:/Users/alex/Documents/hrsf110/Front End Capstone Project/photo-gallery/src/components/App.jsx
FN:7,App
FN:11,reducer
FN:57,(anonymous_2)
FN:62,(anonymous_3)
FN:64,(anonymous_4)
FN:68,(anonymous_5)
FN:71,(anonymous_6)
FN:76,(anonymous_7)
FN:82,(anonymous_8)
FN:85,(anonymous_9)
FN:93,(anonymous_10)
FN:101,(anonymous_11)
FN:107,(anonymous_12)
FN:111,makePhotoArray
FN:120,handleArrowClick
FN:128,resetStyle
FN:135,shiftNext
FN:141,shiftBack
FN:145,pauseTimer
FN:149,restartTimer
FN:157,(anonymous_20)
FN:164,(anonymous_21)
FN:171,(anonymous_22)
FNF:23
FNH:6
FNDA:1,App
FNDA:0,reducer
FNDA:1,(anonymous_2)
FNDA:1,(anonymous_3)
FNDA:0,(anonymous_4)
FNDA:0,(anonymous_5)
FNDA:1,(anonymous_6)
FNDA:1,(anonymous_7)
FNDA:1,(anonymous_8)
FNDA:0,(anonymous_9)
FNDA:0,(anonymous_10)
FNDA:0,(anonymous_11)
FNDA:0,(anonymous_12)
FNDA:0,makePhotoArray
FNDA:0,handleArrowClick
FNDA:0,resetStyle
FNDA:0,shiftNext
FNDA:0,shiftBack
FNDA:0,pauseTimer
FNDA:0,restartTimer
FNDA:0,(anonymous_20)
FNDA:0,(anonymous_21)
FNDA:0,(anonymous_22)
DA:9,1
DA:13,0
DA:15,0
DA:16,0
DA:18,0
DA:20,0
DA:27,0
DA:28,0
DA:30,0
DA:32,0
DA:39,0
DA:40,0
DA:42,0
DA:52,1
DA:53,1
DA:54,1
DA:55,1
DA:57,1
DA:58,1
DA:59,1
DA:62,1
DA:63,1
DA:65,0
DA:66,0
DA:69,0
DA:72,1
DA:76,1
DA:77,1
DA:78,1
DA:82,1
DA:83,1
DA:84,1
DA:85,1
DA:86,0
DA:87,0
DA:88,0
DA:89,0
DA:92,1
DA:93,0
DA:94,0
DA:95,0
DA:97,0
DA:98,0
DA:101,0
DA:102,0
DA:103,0
DA:107,1
DA:108,0
DA:112,0
DA:113,0
DA:114,0
DA:117,0
DA:121,0
DA:122,0
DA:124,0
DA:129,0
DA:130,0
DA:131,0
DA:132,0
DA:136,0
DA:137,0
DA:138,0
DA:142,0
DA:146,0
DA:150,0
DA:154,1
DA:158,0
DA:165,0
DA:172,0
LF:69
LH:21
BRDA:13,0,0,0
BRDA:13,0,1,0
BRDA:13,0,2,0
BRDA:15,1,0,0
BRDA:15,1,1,0
BRDA:27,2,0,0
BRDA:27,2,1,0
BRDA:39,3,0,0
BRDA:39,3,1,0
BRDA:39,4,0,0
BRDA:39,4,1,0
BRDA:86,5,0,0
BRDA:86,5,1,0
BRDA:86,6,0,0
BRDA:86,6,1,0
BRDA:94,7,0,0
BRDA:94,7,1,0
BRDA:121,8,0,0
BRDA:121,8,1,0
BRF:19
BRH:0
end_of_record
TN:
SF:/Users/alex/Documents/hrsf110/Front End Capstone Project/photo-gallery/src/components/PhotoSet.jsx
FN:3,PhotoSet
FN:6,(anonymous_1)
FN:15,expandElement
FN:25,shrinkElement
FNF:4
FNH:0
FNDA:0,PhotoSet
FNDA:0,(anonymous_1)
FNDA:0,expandElement
FNDA:0,shrinkElement
DA:4,0
DA:6,0
DA:7,0
DA:8,0
DA:9,0
DA:10,0
DA:11,0
DA:16,0
DA:17,0
DA:18,0
DA:19,0
DA:20,0
DA:21,0
DA:26,0
DA:29,0
DA:30,0
DA:31,0
DA:34,0
LF:18
LH:0
BRDA:8,0,0,0
BRDA:8,0,1,0
BRDA:20,1,0,0
BRDA:20,1,1,0
BRDA:30,2,0,0
BRDA:30,2,1,0
BRF:6
BRH:0
end_of_record
